[16:17:37] [main/INFO]: Environment: authHost='https://authserver.mojang.com', accountsHost='https://api.mojang.com', sessionHost='https://sessionserver.mojang.com', servicesHost='https://api.minecraftservices.com', name='PROD'
[16:17:37] [main/INFO]: Reloading ResourceManager: Default, bukkit
[16:17:37] [Worker-Main-6/INFO]: Loaded 7 recipes
[16:17:38] [Server thread/INFO]: Starting minecraft server version 1.16.4
[16:17:38] [Server thread/INFO]: Loading properties
[16:17:38] [Server thread/INFO]: This server is running Paper version git-Paper-362 (MC: 1.16.4) (Implementing API version 1.16.4-R0.1-SNAPSHOT)
[16:17:38] [Server thread/INFO]: Debug logging is disabled
[16:17:38] [Server thread/INFO]: Server Ping Player Sample Count: 12
[16:17:38] [Server thread/INFO]: Using 4 threads for Netty based IO
[16:17:38] [Server thread/INFO]: Default game type: SURVIVAL
[16:17:38] [Server thread/INFO]: Generating keypair
[16:17:38] [Server thread/INFO]: Starting Minecraft server on *:25565
[16:17:38] [Server thread/INFO]: [io.netty.util.internal.NativeLibraryLoader] /tmp/libnetty_transport_native_epoll_x86_641265196686157938475.so exists but cannot be executed even when execute permissions set; check volume for "noexec" flag; use -Dio.netty.native.workdir=[path] to set native working directory separately.
[16:17:38] [Server thread/INFO]: Using default channel type
[16:17:38] [Server thread/INFO]: Server permissions file permissions.yml is empty, ignoring it
[16:17:38] [Server thread/INFO]: Preparing level "world"
[16:17:38] [Server thread/INFO]: Preparing start region for dimension minecraft:overworld
[16:17:39] [Server thread/INFO]: Loaded 0 spawn chunks for world world
[16:17:39] [Server thread/INFO]: Preparing spawn area: 0%
[16:17:39] [Server thread/INFO]: Preparing spawn area: 0%
[16:17:39] [Server thread/INFO]: Time elapsed: 662 ms
[16:17:39] [Server thread/INFO]: Preparing start region for dimension minecraft:the_nether
[16:17:39] [Server thread/INFO]: Loaded 0 spawn chunks for world world_nether
[16:17:39] [Server thread/INFO]: Preparing spawn area: 0%
[16:17:39] [Server thread/INFO]: Time elapsed: 230 ms
[16:17:39] [Server thread/INFO]: Preparing start region for dimension minecraft:the_end
[16:17:39] [Server thread/INFO]: Loaded 0 spawn chunks for world world_the_end
[16:17:39] [Server thread/INFO]: Time elapsed: 28 ms
[16:17:39] [Server thread/INFO]: Running delayed init tasks
[16:17:39] [Server thread/INFO]: Done (1.392s)! For help, type "help"
[16:17:39] [Server thread/INFO]: Timings Reset
[16:17:42] [Server thread/INFO]: --------- Help: Index ---------------------------
[16:17:42] [Server thread/INFO]: Use /help [n] to get page n of help.
[16:17:42] [Server thread/INFO]: Aliases: Lists command aliases
[16:17:42] [Server thread/INFO]: Bukkit: All commands for Bukkit
[16:17:42] [Server thread/INFO]: Minecraft: All commands for Minecraft
[16:17:42] [Server thread/INFO]: /advancement: A Mojang provided command.
[16:17:42] [Server thread/INFO]: /attribute: A Mojang provided command.
[16:17:42] [Server thread/INFO]: /ban: A Mojang provided command.
[16:17:42] [Server thread/INFO]: /ban-ip: A Mojang provided command.
[16:17:42] [Server thread/INFO]: /banlist: A Mojang provided command.
[16:17:42] [Server thread/INFO]: /bossbar: A Mojang provided command.
[16:17:42] [Server thread/INFO]: /clear: A Mojang provided command.
[16:17:42] [Server thread/INFO]: /clone: A Mojang provided command.
[16:17:42] [Server thread/INFO]: /data: A Mojang provided command.
[16:17:42] [Server thread/INFO]: /datapack: A Mojang provided command.
[16:17:42] [Server thread/INFO]: /debug: A Mojang provided command.
[16:17:42] [Server thread/INFO]: /defaultgamemode: A Mojang provided command.
[16:17:42] [Server thread/INFO]: /deop: A Mojang provided command.
[16:17:42] [Server thread/INFO]: /difficulty: A Mojang provided command.
[16:17:42] [Server thread/INFO]: /effect: A Mojang provided command.
[16:17:42] [Server thread/INFO]: /enchant: A Mojang provided command.
[16:17:42] [Server thread/INFO]: /execute: A Mojang provided command.
[16:17:42] [Server thread/INFO]: /experience: A Mojang provided command.
[16:17:42] [Server thread/INFO]: /fill: A Mojang provided command.
[16:17:42] [Server thread/INFO]: /forceload: A Mojang provided command.
[16:17:42] [Server thread/INFO]: /function: A Mojang provided command.
[16:17:42] [Server thread/INFO]: /gamemode: A Mojang provided command.
[16:17:42] [Server thread/INFO]: /gamerule: A Mojang provided command.
[16:17:42] [Server thread/INFO]: /give: A Mojang provided command.
[16:17:42] [Server thread/INFO]: /help: Shows the help menu
[16:17:42] [Server thread/INFO]: /kick: A Mojang provided command.
[16:17:42] [Server thread/INFO]: /kill: A Mojang provided command.
[16:17:42] [Server thread/INFO]: /list: A Mojang provided command.
[16:17:42] [Server thread/INFO]: /locate: A Mojang provided command.
[16:17:42] [Server thread/INFO]: /locatebiome: A Mojang provided command.
[16:17:42] [Server thread/INFO]: /loot: A Mojang provided command.
[16:17:42] [Server thread/INFO]: /me: A Mojang provided command.
[16:17:42] [Server thread/INFO]: /minecraft:help: A Mojang provided command.
[16:17:42] [Server thread/INFO]: /minecraft:reload: A Mojang provided command.
[16:17:42] [Server thread/INFO]: /msg: A Mojang provided command.
[16:17:42] [Server thread/INFO]: /mspt: View server tick times
[16:17:42] [Server thread/INFO]: /op: A Mojang provided command.
[16:17:42] [Server thread/INFO]: /paper: Paper related commands
[16:17:42] [Server thread/INFO]: /pardon: A Mojang provided command.
[16:17:42] [Server thread/INFO]: /pardon-ip: A Mojang provided command.
[16:17:42] [Server thread/INFO]: /particle: A Mojang provided command.
[16:17:42] [Server thread/INFO]: /playsound: A Mojang provided command.
[16:17:42] [Server thread/INFO]: /plugins: Gets a list of plugins running on the server
[16:17:42] [Server thread/INFO]: /recipe: A Mojang provided command.
[16:17:42] [Server thread/INFO]: /reload: Reloads the server configuration and plugins
[16:17:42] [Server thread/INFO]: /replaceitem: A Mojang provided command.
[16:17:42] [Server thread/INFO]: /restart: Restarts the server
[16:17:42] [Server thread/INFO]: /save-all: A Mojang provided command.
[16:17:42] [Server thread/INFO]: /save-off: A Mojang provided command.
[16:17:42] [Server thread/INFO]: /save-on: A Mojang provided command.
[16:17:42] [Server thread/INFO]: /say: A Mojang provided command.
[16:17:42] [Server thread/INFO]: /schedule: A Mojang provided command.
[16:17:42] [Server thread/INFO]: /scoreboard: A Mojang provided command.
[16:17:42] [Server thread/INFO]: /seed: A Mojang provided command.
[16:17:42] [Server thread/INFO]: /setblock: A Mojang provided command.
[16:17:42] [Server thread/INFO]: /setidletimeout: A Mojang provided command.
[16:17:42] [Server thread/INFO]: /setworldspawn: A Mojang provided command.
[16:17:42] [Server thread/INFO]: /spawnpoint: A Mojang provided command.
[16:17:42] [Server thread/INFO]: /spectate: A Mojang provided command.
[16:17:42] [Server thread/INFO]: /spigot: Spigot related commands
[16:17:42] [Server thread/INFO]: /spreadplayers: A Mojang provided command.
[16:17:42] [Server thread/INFO]: /stop: A Mojang provided command.
[16:17:42] [Server thread/INFO]: /stopsound: A Mojang provided command.
[16:17:42] [Server thread/INFO]: /summon: A Mojang provided command.
[16:17:42] [Server thread/INFO]: /tag: A Mojang provided command.
[16:17:42] [Server thread/INFO]: /team: A Mojang provided command.
[16:17:42] [Server thread/INFO]: /teammsg: A Mojang provided command.
[16:17:42] [Server thread/INFO]: /teleport: A Mojang provided command.
[16:17:42] [Server thread/INFO]: /tell: A Mojang provided command.
[16:17:42] [Server thread/INFO]: /tellraw: A Mojang provided command.
[16:17:42] [Server thread/INFO]: /time: A Mojang provided command.
[16:17:42] [Server thread/INFO]: /timings: Manages Spigot Timings data to see performance of the server.
[16:17:42] [Server thread/INFO]: /title: A Mojang provided command.
[16:17:42] [Server thread/INFO]: /tm: A Mojang provided command.
[16:17:42] [Server thread/INFO]: /tp: A Mojang provided command.
[16:17:42] [Server thread/INFO]: /tps: Gets the current ticks per second for the server
[16:17:42] [Server thread/INFO]: /trigger: A Mojang provided command.
[16:17:42] [Server thread/INFO]: /version: Gets the version of this server including any plugins in use
[16:17:42] [Server thread/INFO]: /w: A Mojang provided command.
[16:17:42] [Server thread/INFO]: /weather: A Mojang provided command.
[16:17:42] [Server thread/INFO]: /whitelist: A Mojang provided command.
[16:17:42] [Server thread/INFO]: /worldborder: A Mojang provided command.
[16:17:42] [Server thread/INFO]: /xp: A Mojang provided command.
[16:17:45] [Server thread/INFO]: Usage: /timings <reset|report|on|off|verbon|verboff>
[16:19:14] [Server thread/INFO]: Unknown command. Type "/help" for help.
[16:19:20] [Server thread/INFO]: Unknown command. Type "/help" for help.
[16:19:29] [Server thread/INFO]: --------- Help: Bukkit --------------------------
[16:19:29] [Server thread/INFO]: Below is a list of all Bukkit commands:
[16:19:29] [Server thread/INFO]: /help: Shows the help menu
[16:19:29] [Server thread/INFO]: /plugins: Gets a list of plugins running on the server
[16:19:29] [Server thread/INFO]: /reload: Reloads the server configuration and plugins
[16:19:29] [Server thread/INFO]: /timings: Manages Spigot Timings data to see performance of the server.
[16:19:29] [Server thread/INFO]: /version: Gets the version of this server including any plugins in use
[16:21:22] [Server thread/INFO]: This server is running Paper version git-Paper-362 (MC: 1.16.4) (Implementing API version 1.16.4-R0.1-SNAPSHOT)
[16:21:22] [Server thread/INFO]: Checking version, please wait...
[16:21:22] [Thread-15/INFO]: You are running the latest version
[16:21:28] [Server thread/INFO]: This server is running Paper version git-Paper-362 (MC: 1.16.4) (Implementing API version 1.16.4-R0.1-SNAPSHOT)
[16:21:28] [Server thread/INFO]: You are running the latest version
[16:22:22] [Server thread/INFO]: TPS from last 1m, 5m, 15m: 20.0, 20.0, 20.0
[16:31:48] [Server thread/INFO]: Stopping the server
[16:31:48] [Server thread/INFO]: Stopping server
[16:31:48] [Server thread/INFO]: Saving players
[16:31:48] [Server thread/INFO]: Saving worlds
[16:31:48] [Server thread/INFO]: Saving chunks for level 'ServerLevel[world]'/minecraft:overworld
[16:31:48] [Server thread/INFO]: ThreadedAnvilChunkStorage (world): All chunks are saved
[16:31:48] [Server thread/INFO]: Saving chunks for level 'ServerLevel[world_nether]'/minecraft:the_nether
[16:31:48] [Server thread/INFO]: ThreadedAnvilChunkStorage (DIM-1): All chunks are saved
[16:31:48] [Server thread/INFO]: Saving chunks for level 'ServerLevel[world_the_end]'/minecraft:the_end
[16:31:48] [Server thread/INFO]: ThreadedAnvilChunkStorage (DIM1): All chunks are saved
[16:31:48] [Server thread/INFO]: ThreadedAnvilChunkStorage (world): All chunks are saved
[16:31:48] [Server thread/INFO]: ThreadedAnvilChunkStorage (DIM-1): All chunks are saved
[16:31:48] [Server thread/INFO]: ThreadedAnvilChunkStorage (DIM1): All chunks are saved
[16:31:48] [Server thread/INFO]: Flushing Chunk IO
[16:31:48] [Server thread/INFO]: Closing Thread Pool
[16:31:48] [Server thread/INFO]: Closing Server
